<?xml version="1.0" encoding="UTF-8"?>
<!-- Generated by org.testng.reporters.JUnitXMLReporter -->
<testsuite ignored="0" hostname="DESKTOP-TO5GAEF" failures="1" tests="2" name="document" time="50.185" errors="0" timestamp="28 Jul 2019 07:23:56 GMT">
  <testcase classname="document.documentTest" name="openDoc" time="5.81"/>
  <testcase classname="document.documentTest" name="documentsMulitipleChoice" time="0.001">
    <failure type="java.lang.Error" message="Unresolved compilation problems: 
	The annotation @AfterClass is disallowed for this location
	void[] is an invalid type
	Syntax error on token &amp;quot;after&amp;quot;, AnnotationName expected after this token
	Illegal modifier for parameter after; only final is permitted
	Syntax error, insert &amp;quot;[ ]&amp;quot; to complete Dimension
	Syntax error, insert &amp;quot;;&amp;quot; to complete LocalVariableDeclarationStatement
">
      <![CDATA[java.lang.Error: Unresolved compilation problems: 
The annotation @AfterClass is disallowed for this location
void[] is an invalid type
Syntax error on token "after", AnnotationName expected after this token
Illegal modifier for parameter after; only final is permitted
Syntax error, insert "[ ]" to complete Dimension
Syntax error, insert ";" to complete LocalVariableDeclarationStatement

at document.documentTest.documentsMulitipleChoice(documentTest.java:77)
... Removed 25 stack frames]]>
    </failure>
  </testcase> <!-- documentsMulitipleChoice -->
</testsuite> <!-- document -->
