<?xml version="1.0" encoding="UTF-8"?>
<!-- Generated by org.testng.reporters.JUnitXMLReporter -->
<testsuite ignored="0" hostname="DESKTOP-TO5GAEF" failures="4" tests="4" name="document" time="41.111" errors="0" timestamp="24 Jul 2019 10:09:52 GMT">
  <testcase classname="document.documentTest" name="openDoc" time="0.211">
    <failure type="java.lang.NullPointerException">
      <![CDATA[java.lang.NullPointerException
at org.openqa.selenium.support.ui.ExpectedConditions.elementIfVisible(ExpectedConditions.java:315)
at org.openqa.selenium.support.ui.ExpectedConditions.access$100(ExpectedConditions.java:44)
at org.openqa.selenium.support.ui.ExpectedConditions$10.apply(ExpectedConditions.java:301)
at org.openqa.selenium.support.ui.ExpectedConditions$10.apply(ExpectedConditions.java:298)
at org.openqa.selenium.support.ui.FluentWait.until(FluentWait.java:248)
at pages.documentObjects.waitForVisibility(documentObjects.java:179)
at pages.documentObjects.pressDocument(documentObjects.java:192)
at document.documentTest.openDoc(documentTest.java:26)
... Removed 25 stack frames]]>
    </failure>
  </testcase> <!-- openDoc -->
  <testcase classname="document.documentTest" name="documentsMulitipleChoice" time="0.04">
    <failure type="java.lang.NullPointerException">
      <![CDATA[java.lang.NullPointerException
at org.openqa.selenium.support.ui.ExpectedConditions.elementIfVisible(ExpectedConditions.java:315)
at org.openqa.selenium.support.ui.ExpectedConditions.access$100(ExpectedConditions.java:44)
at org.openqa.selenium.support.ui.ExpectedConditions$10.apply(ExpectedConditions.java:301)
at org.openqa.selenium.support.ui.ExpectedConditions$10.apply(ExpectedConditions.java:298)
at org.openqa.selenium.support.ui.FluentWait.until(FluentWait.java:248)
at pages.documentObjects.waitForVisibility(documentObjects.java:179)
at pages.documentObjects.deleteEntityMultipleChoice(documentObjects.java:233)
at document.documentTest.documentsMulitipleChoice(documentTest.java:38)
... Removed 25 stack frames]]>
    </failure>
  </testcase> <!-- documentsMulitipleChoice -->
  <testcase classname="document.documentTest" name="documentsActivivties" time="0.005">
    <failure type="java.lang.NullPointerException">
      <![CDATA[java.lang.NullPointerException
at org.openqa.selenium.support.ui.ExpectedConditions.elementIfVisible(ExpectedConditions.java:315)
at org.openqa.selenium.support.ui.ExpectedConditions.access$100(ExpectedConditions.java:44)
at org.openqa.selenium.support.ui.ExpectedConditions$10.apply(ExpectedConditions.java:301)
at org.openqa.selenium.support.ui.ExpectedConditions$10.apply(ExpectedConditions.java:298)
at org.openqa.selenium.support.ui.FluentWait.until(FluentWait.java:248)
at pages.documentObjects.waitForVisibility(documentObjects.java:179)
at pages.documentObjects.addActivities(documentObjects.java:553)
at document.documentTest.documentsActivivties(documentTest.java:60)
... Removed 25 stack frames]]>
    </failure>
  </testcase> <!-- documentsActivivties -->
  <testcase classname="document.documentTest" name="documentsDetailsOnScreen" time="0.003">
    <failure type="java.lang.NullPointerException">
      <![CDATA[java.lang.NullPointerException
at org.openqa.selenium.support.ui.ExpectedConditions.elementIfVisible(ExpectedConditions.java:315)
at org.openqa.selenium.support.ui.ExpectedConditions.access$100(ExpectedConditions.java:44)
at org.openqa.selenium.support.ui.ExpectedConditions$10.apply(ExpectedConditions.java:301)
at org.openqa.selenium.support.ui.ExpectedConditions$10.apply(ExpectedConditions.java:298)
at org.openqa.selenium.support.ui.FluentWait.until(FluentWait.java:248)
at pages.documentObjects.waitForVisibility(documentObjects.java:179)
at pages.documentObjects.ChangeDetailsOnTheScreen(documentObjects.java:568)
at document.documentTest.documentsDetailsOnScreen(documentTest.java:69)
... Removed 25 stack frames]]>
    </failure>
  </testcase> <!-- documentsDetailsOnScreen -->
</testsuite> <!-- document -->
