<?xml version="1.0" encoding="UTF-8"?>
<!-- Generated by org.testng.reporters.JUnitXMLReporter -->
<testsuite ignored="0" hostname="DESKTOP-TO5GAEF" failures="0" tests="4" name="Test" time="236.941" errors="0" timestamp="05 Aug 2019 10:41:01 GMT">
  <testcase classname="document.documentTest" name="openDoc" time="14.815"/>
  <testcase classname="document.documentTest" name="documentsMulitipleChoice" time="62.574"/>
  <testcase classname="document.documentTest" name="documentsMiddlePane" time="76.787"/>
  <testcase classname="document.documentTest" name="documentsRightSideOfScreen" time="66.38"/>
</testsuite> <!-- Test -->
