<?xml version="1.0" encoding="UTF-8"?>
<!-- Generated by org.testng.reporters.JUnitXMLReporter -->
<testsuite hostname="israel-HP-ProDesk-600-G2-DM" ignored="0" name="offices" tests="2" failures="1" timestamp="11 Sep 2019 08:02:03 GMT" time="94.029" errors="0">
  <testcase name="openOffice" time="14.437" classname="offices.officesTest"/>
  <testcase name="foldersFromOffices" time="79.307" classname="offices.officesTest">
    <failure type="java.lang.IndexOutOfBoundsException" message="Index: 2, Size: 0">
      <![CDATA[java.lang.IndexOutOfBoundsException: Index: 2, Size: 0
	at java.util.ArrayList.rangeCheck(ArrayList.java:657)
	at java.util.ArrayList.get(ArrayList.java:433)
	at org.openqa.selenium.support.pagefactory.internal.LocatingElementListHandler.invoke(LocatingElementListHandler.java:39)
	at com.sun.proxy.$Proxy9.get(Unknown Source)
	at global.globalActions.actionsRightSide.changePermission(actionsRightSide.java:276)
	at folder.folderTest.foldersRightSide(folderTest.java:110)
	at offices.officesTest.foldersFromOffices(officesTest.java:129)
... Removed 33 stack frames]]>
    </failure>
  </testcase> <!-- foldersFromOffices -->
</testsuite> <!-- offices -->
