<?xml version="1.0" encoding="UTF-8"?>
<testng-results skipped="0" failed="1" ignored="0" total="8" passed="7">
  <reporter-output>
  </reporter-output>
  <suite name="Suite" duration-ms="852525" started-at="2019-09-16T09:23:14Z" finished-at="2019-09-16T09:37:27Z">
    <groups>
    </groups>
    <test name="Test" duration-ms="852525" started-at="2019-09-16T09:23:14Z" finished-at="2019-09-16T09:37:27Z">
      <class name="project.projectsTest">
        <test-method status="PASS" signature="SetUp()[pri:0, instance:project.projectsTest@73f792cf]" name="SetUp" is-config="true" duration-ms="72" started-at="2019-09-16T12:23:14Z" finished-at="2019-09-16T12:23:14Z">
          <reporter-output>
          </reporter-output>
        </test-method> <!-- SetUp -->
        <test-method status="PASS" signature="openProject()[pri:1, instance:project.projectsTest@73f792cf]" name="openProject" duration-ms="15076" started-at="2019-09-16T12:23:14Z" finished-at="2019-09-16T12:23:29Z">
          <reporter-output>
          </reporter-output>
        </test-method> <!-- openProject -->
        <test-method status="PASS" signature="projectsMultipleSelect()[pri:2, instance:project.projectsTest@73f792cf]" name="projectsMultipleSelect" duration-ms="70277" started-at="2019-09-16T12:23:29Z" finished-at="2019-09-16T12:24:40Z">
          <reporter-output>
          </reporter-output>
        </test-method> <!-- projectsMultipleSelect -->
        <test-method status="PASS" signature="projectsMiddlePane()[pri:3, instance:project.projectsTest@73f792cf]" name="projectsMiddlePane" duration-ms="72330" started-at="2019-09-16T12:24:40Z" finished-at="2019-09-16T12:25:52Z">
          <reporter-output>
          </reporter-output>
        </test-method> <!-- projectsMiddlePane -->
        <test-method status="PASS" signature="projectRightSide()[pri:4, instance:project.projectsTest@73f792cf]" name="projectRightSide" duration-ms="77519" started-at="2019-09-16T12:25:52Z" finished-at="2019-09-16T12:27:09Z">
          <reporter-output>
          </reporter-output>
        </test-method> <!-- projectRightSide -->
        <test-method status="PASS" signature="subProjectMultipleSelect()[pri:5, instance:project.projectsTest@73f792cf]" name="subProjectMultipleSelect" duration-ms="103881" started-at="2019-09-16T12:27:09Z" finished-at="2019-09-16T12:28:53Z">
          <reporter-output>
          </reporter-output>
        </test-method> <!-- subProjectMultipleSelect -->
        <test-method status="PASS" signature="subProjectsRightSide()[pri:6, instance:project.projectsTest@73f792cf]" name="subProjectsRightSide" duration-ms="64114" started-at="2019-09-16T12:28:53Z" finished-at="2019-09-16T12:29:57Z">
          <reporter-output>
          </reporter-output>
        </test-method> <!-- subProjectsRightSide -->
        <test-method status="PASS" signature="projectFromDiscussion()[pri:7, instance:project.projectsTest@73f792cf]" name="projectFromDiscussion" duration-ms="418511" started-at="2019-09-16T12:29:57Z" finished-at="2019-09-16T12:36:56Z">
          <reporter-output>
          </reporter-output>
        </test-method> <!-- projectFromDiscussion -->
        <test-method status="FAIL" signature="TasksFromProjects()[pri:8, instance:project.projectsTest@73f792cf]" name="TasksFromProjects" duration-ms="30440" started-at="2019-09-16T12:36:56Z" finished-at="2019-09-16T12:37:26Z">
          <exception class="java.lang.NullPointerException">
            <full-stacktrace>
              <![CDATA[java.lang.NullPointerException
	at task.tasksTest.allTasksMulitipleChoice(tasksTest.java:71)
	at project.projectsTest.TasksFromProjects(projectsTest.java:208)
	at sun.reflect.NativeMethodAccessorImpl.invoke0(Native Method)
	at sun.reflect.NativeMethodAccessorImpl.invoke(NativeMethodAccessorImpl.java:62)
	at sun.reflect.DelegatingMethodAccessorImpl.invoke(DelegatingMethodAccessorImpl.java:43)
	at java.lang.reflect.Method.invoke(Method.java:498)
	at org.testng.internal.MethodInvocationHelper.invokeMethod(MethodInvocationHelper.java:104)
	at org.testng.internal.Invoker.invokeMethod(Invoker.java:645)
	at org.testng.internal.Invoker.invokeTestMethod(Invoker.java:851)
	at org.testng.internal.Invoker.invokeTestMethods(Invoker.java:1177)
	at org.testng.internal.TestMethodWorker.invokeTestMethods(TestMethodWorker.java:129)
	at org.testng.internal.TestMethodWorker.run(TestMethodWorker.java:112)
	at org.testng.TestRunner.privateRun(TestRunner.java:756)
	at org.testng.TestRunner.run(TestRunner.java:610)
	at org.testng.SuiteRunner.runTest(SuiteRunner.java:387)
	at org.testng.SuiteRunner.runSequentially(SuiteRunner.java:382)
	at org.testng.SuiteRunner.privateRun(SuiteRunner.java:340)
	at org.testng.SuiteRunner.run(SuiteRunner.java:289)
	at org.testng.SuiteRunnerWorker.runSuite(SuiteRunnerWorker.java:52)
	at org.testng.SuiteRunnerWorker.run(SuiteRunnerWorker.java:86)
	at org.testng.TestNG.runSuitesSequentially(TestNG.java:1293)
	at org.testng.TestNG.runSuitesLocally(TestNG.java:1218)
	at org.testng.TestNG.runSuites(TestNG.java:1133)
	at org.testng.TestNG.run(TestNG.java:1104)
	at org.apache.maven.surefire.testng.TestNGExecutor.run(TestNGExecutor.java:283)
	at org.apache.maven.surefire.testng.TestNGXmlTestSuite.execute(TestNGXmlTestSuite.java:75)
	at org.apache.maven.surefire.testng.TestNGProvider.invoke(TestNGProvider.java:120)
	at org.apache.maven.surefire.booter.ForkedBooter.invokeProviderInSameClassLoader(ForkedBooter.java:383)
	at org.apache.maven.surefire.booter.ForkedBooter.runSuitesInProcess(ForkedBooter.java:344)
	at org.apache.maven.surefire.booter.ForkedBooter.execute(ForkedBooter.java:125)
	at org.apache.maven.surefire.booter.ForkedBooter.main(ForkedBooter.java:417)
]]>
            </full-stacktrace>
          </exception> <!-- java.lang.NullPointerException -->
          <reporter-output>
          </reporter-output>
        </test-method> <!-- TasksFromProjects -->
        <test-method status="PASS" signature="after()[pri:0, instance:project.projectsTest@73f792cf]" name="after" is-config="true" duration-ms="264" started-at="2019-09-16T12:37:26Z" finished-at="2019-09-16T12:37:27Z">
          <reporter-output>
          </reporter-output>
        </test-method> <!-- after -->
      </class> <!-- project.projectsTest -->
      <class name="base.beforeWeStart">
        <test-method status="PASS" signature="SetUp()[pri:0, instance:base.beforeWeStart@79698539]" name="SetUp" is-config="true" duration-ms="8362" started-at="2019-09-16T12:23:06Z" finished-at="2019-09-16T12:23:14Z">
          <reporter-output>
          </reporter-output>
        </test-method> <!-- SetUp -->
      </class> <!-- base.beforeWeStart -->
    </test> <!-- Test -->
  </suite> <!-- Suite -->
</testng-results>
