<?xml version="1.0" encoding="UTF-8"?>
<testsuite xmlns:xsi="http://www.w3.org/2001/XMLSchema-instance" xsi:noNamespaceSchemaLocation="https://maven.apache.org/surefire/maven-surefire-plugin/xsd/surefire-test-report.xsd" name="TestSuite" time="861.116" tests="8" errors="0" skipped="0" failures="1">
  <properties>
[...]
</properties>
  <testcase name="openProject" classname="project.projectsTest" time="15.08"/>
  <testcase name="projectsMultipleSelect" classname="project.projectsTest" time="70.274"/>
  <testcase name="projectsMiddlePane" classname="project.projectsTest" time="72.333"/>
  <testcase name="projectRightSide" classname="project.projectsTest" time="77.518"/>
  <testcase name="subProjectMultipleSelect" classname="project.projectsTest" time="103.882"/>
  <testcase name="subProjectsRightSide" classname="project.projectsTest" time="64.115"/>
  <testcase name="projectFromDiscussion" classname="project.projectsTest" time="418.51"/>
  <testcase name="TasksFromProjects" classname="project.projectsTest" time="30.455">
    <failure type="java.lang.NullPointerException">java.lang.NullPointerException
	at project.projectsTest.TasksFromProjects(projectsTest.java:208)
</failure>
  </testcase>
</testsuite>