-------------------------------------------------------------------------------
Test set: TestSuite
-------------------------------------------------------------------------------
Tests run: 8, Failures: 1, Errors: 0, Skipped: 0, Time elapsed: 861.116 s <<< FAILURE! - in TestSuite
TasksFromProjects(project.projectsTest)  Time elapsed: 30.455 s  <<< FAILURE!
java.lang.NullPointerException
	at project.projectsTest.TasksFromProjects(projectsTest.java:208)

