<?xml version="1.0" encoding="UTF-8"?>
<testsuite xmlns:xsi="http://www.w3.org/2001/XMLSchema-instance" xsi:noNamespaceSchemaLocation="https://maven.apache.org/surefire/maven-surefire-plugin/xsd/surefire-test-report.xsd" name="TestSuite" time="773.813" tests="10" errors="0" skipped="0" failures="1">
  <properties>
[...]
</properties>
  <testcase name="openDoc" classname="task.tasksTest" time="15.32"/>
  <testcase name="allTasksMulitipleChoice" classname="task.tasksTest" time="70.93"/>
  <testcase name="alltasksMiddlePane" classname="task.tasksTest" time="70.67"/>
  <testcase name="alltasksRightSide" classname="task.tasksTest" time="90.841"/>
  <testcase name="allTaksSubTasksMultipleChoice" classname="task.tasksTest" time="46.138"/>
  <testcase name="allTaksSubTasksRightSide" classname="task.tasksTest" time="79.685"/>
  <testcase name="MyTasksMultipleSelect" classname="task.tasksTest" time="92.891"/>
  <testcase name="MyTasksRightSide" classname="task.tasksTest" time="74.161"/>
  <testcase name="MyTasksSubTasksMultipleChoice" classname="task.tasksTest" time="121.088"/>
  <testcase name="MyTasksSubTasksRightSide" classname="task.tasksTest" time="102.27">
    <failure message="stale element reference: element is not attached to the page document&#10;  (Session info: chrome=76.0.3809.100)&#10;For documentation on this error, please visit: http://seleniumhq.org/exceptions/stale_element_reference.html&#10;Build info: version: &apos;3.12.0&apos;, revision: &apos;7c6e0b3&apos;, time: &apos;2018-05-08T14:04:26.12Z&apos;&#10;System info: host: &apos;israel-HP-ProDesk-600-G2-DM&apos;, ip: &apos;127.0.1.1&apos;, os.name: &apos;Linux&apos;, os.arch: &apos;amd64&apos;, os.version: &apos;5.0.0-25-generic&apos;, java.version: &apos;1.8.0_222&apos;&#10;Driver info: org.openqa.selenium.chrome.ChromeDriver&#10;Capabilities {acceptInsecureCerts: false, browserName: chrome, browserVersion: 76.0.3809.100, chrome: {chromedriverVersion: 76.0.3809.68 (420c9498db8ce..., userDataDir: /tmp/.com.google.Chrome.mZSrV7}, goog:chromeOptions: {debuggerAddress: localhost:42687}, javascriptEnabled: true, networkConnectionEnabled: false, pageLoadStrategy: normal, platform: LINUX, platformName: LINUX, proxy: Proxy(), setWindowRect: true, strictFileInteractability: false, timeouts: {implicit: 0, pageLoad: 300000, script: 30000}, unhandledPromptBehavior: dismiss and notify}&#10;Session ID: 0d2e969a2443ba8cce44a27e3c4c2328" type="org.openqa.selenium.StaleElementReferenceException">org.openqa.selenium.StaleElementReferenceException: 
stale element reference: element is not attached to the page document
  (Session info: chrome=76.0.3809.100)
For documentation on this error, please visit: http://seleniumhq.org/exceptions/stale_element_reference.html
Build info: version: '3.12.0', revision: '7c6e0b3', time: '2018-05-08T14:04:26.12Z'
System info: host: 'israel-HP-ProDesk-600-G2-DM', ip: '127.0.1.1', os.name: 'Linux', os.arch: 'amd64', os.version: '5.0.0-25-generic', java.version: '1.8.0_222'
Driver info: org.openqa.selenium.chrome.ChromeDriver
Capabilities {acceptInsecureCerts: false, browserName: chrome, browserVersion: 76.0.3809.100, chrome: {chromedriverVersion: 76.0.3809.68 (420c9498db8ce..., userDataDir: /tmp/.com.google.Chrome.mZSrV7}, goog:chromeOptions: {debuggerAddress: localhost:42687}, javascriptEnabled: true, networkConnectionEnabled: false, pageLoadStrategy: normal, platform: LINUX, platformName: LINUX, proxy: Proxy(), setWindowRect: true, strictFileInteractability: false, timeouts: {implicit: 0, pageLoad: 300000, script: 30000}, unhandledPromptBehavior: dismiss and notify}
Session ID: 0d2e969a2443ba8cce44a27e3c4c2328
	at task.tasksTest.allTaksSubTasksRightSide(tasksTest.java:161)
	at task.tasksTest.MyTasksSubTasksRightSide(tasksTest.java:243)
</failure>
  </testcase>
</testsuite>